<?xml version="1.0" encoding="UTF-8"?>
<testsuite xmlns:xsi="http://www.w3.org/2001/XMLSchema-instance" xsi:noNamespaceSchemaLocation="https://maven.apache.org/surefire/maven-surefire-plugin/xsd/surefire-test-report-3.0.xsd" version="3.0" name="com.enactor.test.BusServiceTest" time="0.139" tests="9" errors="0" skipped="0" failures="0">
  <properties>
[...]
</properties>
  <testcase name="testReturnJourney" classname="com.enactor.test.BusServiceTest" time="0.048"/>
  <testcase name="testGetPrice" classname="com.enactor.test.BusServiceTest" time="0.002"/>
  <testcase name="testMultipleReservations" classname="com.enactor.test.BusServiceTest" time="0.007">
    <system-out><![CDATA[✓ First reservation: RES000001, Seats: [1A, 1B]
✓ Second reservation: RES000002, Seats: [1C, 1D, 2A]
]]></system-out>
  </testcase>
  <testcase name="testOverbooking" classname="com.enactor.test.BusServiceTest" time="0.004"/>
  <testcase name="testReserveTickets" classname="com.enactor.test.BusServiceTest" time="0.003"/>
  <testcase name="testGetAvailableSeats" classname="com.enactor.test.BusServiceTest" time="0.003"/>
  <testcase name="testSeatAvailabilityAfterReservation" classname="com.enactor.test.BusServiceTest" time="0.004">
    <system-out><![CDATA[  Available seats before: 32
  Available seats after: 27
]]></system-out>
  </testcase>
  <testcase name="testInvalidLocations" classname="com.enactor.test.BusServiceTest" time="0.01"/>
  <testcase name="testInvalidPriceConfirmation" classname="com.enactor.test.BusServiceTest" time="0.005"/>
</testsuite>